//-------------------------- 6/9/2017 -- 19:52:55 -----
Processor Init:
   Intel (unknown, Pentium Pro/II/III family), ~2.40 Ghz
     (timed at roughly 2.39 Ghz)
   FPU detected
   MMX detected
   SSE detected
 
Math Init:
   Installing Standard C extensions
   Installing Assembly extensions
   Installing FPU extensions
   Installing MMX extensions
   Installing SSE extensions
 
Input Init:
   DirectInput enabled.

Initializing chunk mappings...
   o 'TEXT' maps to TextChunk
   o 'SCHK' maps to UnknownChunk
   o 'SCHK' maps to SimChunk
Loading compiled script F:/GitHub_project/BomberMan/Bin/common/main.cs.
Loading compiled script F:/GitHub_project/BomberMan/Bin/game/main.cs.
 % - Initializing Common
Loading compiled script F:/GitHub_project/BomberMan/Bin/common/preferences/defaultPrefs.cs.
Reading Display Device information...
   Primary Display Device Found:
      Vendor Id: VEN_0000
      Device Id: DEV_0000

Using OpenGL rendering. Fullscreen: 0

Loading compiled script F:/GitHub_project/BomberMan/Bin/common/gameScripts/xml.cs.
Loading compiled script F:/GitHub_project/BomberMan/Bin/common/gameScripts/properties.cs.
Loading compiled script F:/GitHub_project/BomberMan/Bin/common/gameScripts/common.cs.
Loading compiled script F:/GitHub_project/BomberMan/Bin/common/gameScripts/audio.cs.
Loading compiled script F:/GitHub_project/BomberMan/Bin/common/gameScripts/canvas.cs.
Loading compiled script F:/GitHub_project/BomberMan/Bin/common/gameScripts/cursor.cs.
Video Init:
   Accelerated OpenGL display device detected.
   Accelerated D3D device not detected.
   Voodoo 2 display device not detected.

Activating the OpenGL display device...
Activating the OpenGL display device...
Setting screen mode to 320x320x32 (w)...
Creating a new window...
Acquiring a new device context...
Pixel format set:
  32 color bits, 24 depth bits, 8 stencil bits
Creating a new rendering context...
Making the new rendering context current...
OpenGL driver information:
  Vendor: NVIDIA Corporation
  Renderer: GeForce 830M/PCIe/SSE2
  Version: 4.5.0 NVIDIA 375.70
OpenGL Init: Enabled Extensions
  ARB_multitexture (Max Texture Units: 4)
  EXT_blend_color
  EXT_blend_minmax
  EXT_compiled_vertex_array
  NV_vertex_array_range
  EXT_texture_env_combine
  EXT_packed_pixels
  EXT_fog_coord
  ARB_texture_compression
  EXT_texture_compression_s3tc
  (ARB|EXT)_texture_env_add
  EXT_texture_filter_anisotropic (Max anisotropy: 16)
  WGL_EXT_swap_control
OpenGL Init: Disabled Extensions
  EXT_paletted_texture
  3DFX_texture_compression_FXT1

Max Texture Size reported as: 16384
Setting screen mode to 800x600x32 (w)...
OpenAL Driver Init:
 Missing OpenAL Extension function 'EAXSet'
 Missing OpenAL Extension function 'EAXGet'
   Vendor: Creative Labs Inc.
   Version: 1.1
   Renderer: Software
   Extensions: EAX EAX2.0 EAX3.0 EAX4.0 EAX5.0 EAX3.0EMULATED EAX4.0EMULATED AL_EXT_OFFSET AL_EXT_LINEAR_DISTANCE AL_EXT_EXPONENT_DISTANCE

Loading compiled script F:/GitHub_project/BomberMan/Bin/common/gui/profiles.cs.
Loading compiled script F:/GitHub_project/BomberMan/Bin/common/gui/cursors.cs.
Loading compiled script F:/GitHub_project/BomberMan/Bin/common/gui/messageBoxOk.gui.
Loading compiled script F:/GitHub_project/BomberMan/Bin/common/gui/messageBoxYesNo.gui.
Loading compiled script F:/GitHub_project/BomberMan/Bin/common/gui/messageBoxYesNoCancel.gui.
Loading compiled script F:/GitHub_project/BomberMan/Bin/common/gui/messageBoxOKCancel.gui.
Loading compiled script F:/GitHub_project/BomberMan/Bin/common/gui/messageBoxOKCancelDetailsDlg.gui.
Loading compiled script F:/GitHub_project/BomberMan/Bin/common/gui/messagePopup.gui.
Loading compiled script F:/GitHub_project/BomberMan/Bin/common/gui/options.gui.
Loading compiled script F:/GitHub_project/BomberMan/Bin/common/gui/remap.gui.
Loading compiled script F:/GitHub_project/BomberMan/Bin/common/gui/console.gui.
Loading compiled script F:/GitHub_project/BomberMan/Bin/common/gui/NetworkMenu.gui.
Loading compiled script F:/GitHub_project/BomberMan/Bin/common/gui/startServer.gui.
Loading compiled script F:/GitHub_project/BomberMan/Bin/common/gui/joinServer.gui.
Loading compiled script F:/GitHub_project/BomberMan/Bin/common/gui/waitingForServer.gui.
Loading compiled script F:/GitHub_project/BomberMan/Bin/common/gui/helpDlg.gui.
Loading compiled script F:/GitHub_project/BomberMan/Bin/common/gui/messageBox.cs.
Loading compiled script F:/GitHub_project/BomberMan/Bin/common/gui/help.cs.
Loading compiled script F:/GitHub_project/BomberMan/Bin/common/gui/chatGui.gui.
Loading compiled script F:/GitHub_project/BomberMan/Bin/common/gameScripts/screenshot.cs.
Loading compiled script F:/GitHub_project/BomberMan/Bin/common/gameScripts/metrics.cs.
Loading compiled script F:/GitHub_project/BomberMan/Bin/common/Gui/FrameOverlayGui.gui.
Loading compiled script F:/GitHub_project/BomberMan/Bin/common/gameScripts/scriptDoc.cs.
Loading compiled script F:/GitHub_project/BomberMan/Bin/common/gameScripts/keybindings.cs.
Loading compiled script F:/GitHub_project/BomberMan/Bin/common/gameScripts/options.cs.
Loading compiled script F:/GitHub_project/BomberMan/Bin/common/gameScripts/levelManagement.cs.
Loading compiled script F:/GitHub_project/BomberMan/Bin/common/gameScripts/projectManagement.cs.
Loading compiled script F:/GitHub_project/BomberMan/Bin/common/gameScripts/projectResources.cs.
Loading compiled script F:/GitHub_project/BomberMan/Bin/common/gameScripts/align.cs.

FunCode (v1.7.5) initialized...
Loading compiled script F:/GitHub_project/BomberMan/Bin/game/managed/datablocks.cs.
Loading compiled script F:/GitHub_project/BomberMan/Bin/game/managed/persistent.cs.
Loading compiled script F:/GitHub_project/BomberMan/Bin/game/managed/brushes.cs.
Loading compiled script F:/GitHub_project/BomberMan/Bin/game/gameScripts/datablocks.cs.
Loading compiled script F:/GitHub_project/BomberMan/Bin/game/gameScripts/guiProfiles.cs.
Loading compiled script F:/GitHub_project/BomberMan/Bin/game/gui/mainScreen.gui.
Loading compiled script F:/GitHub_project/BomberMan/Bin/game/gameScripts/game.cs.
Activating DirectInput...
DirectInput joystick failed to enable!
Compiling F:/GitHub_project/BomberMan/Bin/game/data/levels/level.t2d...
Loading compiled script F:/GitHub_project/BomberMan/Bin/game/data/levels/level.t2d.
t2dSceneGraph::addToScene() - Object '1342' is already in a SceneGraph!.
t2dSceneGraph::addToScene() - Object '1343' is already in a SceneGraph!.
t2dSceneGraph::addToScene() - Object '1344' is already in a SceneGraph!.
t2dSceneGraph::addToScene() - Object '1345' is already in a SceneGraph!.
t2dSceneGraph::addToScene() - Object '1346' is already in a SceneGraph!.
t2dSceneGraph::addToScene() - Object '1347' is already in a SceneGraph!.
t2dSceneGraph::addToScene() - Object '1350' is already in a SceneGraph!.
t2dSceneGraph::addToScene() - Object '1351' is already in a SceneGraph!.
t2dSceneGraph::addToScene() - Object '1352' is already in a SceneGraph!.
t2dSceneGraph::addToScene() - Object '1355' is already in a SceneGraph!.
t2dSceneGraph::addToScene() - Object '1356' is already in a SceneGraph!.
t2dSceneGraph::addToScene() - Object '1357' is already in a SceneGraph!.
t2dSceneGraph::addToScene() - Object '1360' is already in a SceneGraph!.
t2dSceneGraph::addToScene() - Object '1361' is already in a SceneGraph!.
t2dSceneGraph::addToScene() - Object '1362' is already in a SceneGraph!.
t2dSceneGraph::addToScene() - Object '1365' is already in a SceneGraph!.
t2dSceneGraph::addToScene() - Object '1368' is already in a SceneGraph!.
t2dSceneGraph::addToScene() - Object '1369' is already in a SceneGraph!.
t2dSceneGraph::addToScene() - Object '1372' is already in a SceneGraph!.
t2dSceneGraph::addToScene() - Object '1375' is already in a SceneGraph!.
t2dSceneGraph::addToScene() - Object '1376' is already in a SceneGraph!.
t2dSceneGraph::addToScene() - Object '1379' is already in a SceneGraph!.
t2dSceneGraph::addToScene() - Object '1382' is already in a SceneGraph!.
t2dSceneGraph::addToScene() - Object '1383' is already in a SceneGraph!.
t2dSceneGraph::addToScene() - Object '1386' is already in a SceneGraph!.
t2dSceneGraph::addToScene() - Object '1389' is already in a SceneGraph!.
t2dSceneGraph::addToScene() - Object '1390' is already in a SceneGraph!.
t2dSceneGraph::addToScene() - Object '1393' is already in a SceneGraph!.
t2dSceneGraph::addToScene() - Object '1394' is already in a SceneGraph!.
t2dSceneGraph::addToScene() - Object '1395' is already in a SceneGraph!.
t2dSceneGraph::addToScene() - Object '1396' is already in a SceneGraph!.
t2dSceneGraph::addToScene() - Object '1399' is already in a SceneGraph!.
t2dSceneGraph::addToScene() - Object '1400' is already in a SceneGraph!.
t2dSceneGraph::addToScene() - Object '1401' is already in a SceneGraph!.
t2dSceneGraph::addToScene() - Object '1404' is already in a SceneGraph!.
t2dSceneGraph::addToScene() - Object '1405' is already in a SceneGraph!.
t2dSceneGraph::addToScene() - Object '1406' is already in a SceneGraph!.
t2dSceneGraph::addToScene() - Object '1409' is already in a SceneGraph!.
t2dSceneGraph::addToScene() - Object '1410' is already in a SceneGraph!.
t2dSceneGraph::addToScene() - Object '1411' is already in a SceneGraph!.
t2dSceneGraph::addToScene() - Object '1414' is already in a SceneGraph!.
t2dSceneGraph::addToScene() - Object '1417' is already in a SceneGraph!.
t2dSceneGraph::addToScene() - Object '1418' is already in a SceneGraph!.
t2dSceneGraph::addToScene() - Object '1421' is already in a SceneGraph!.
t2dSceneGraph::addToScene() - Object '1424' is already in a SceneGraph!.
t2dSceneGraph::addToScene() - Object '1425' is already in a SceneGraph!.
t2dSceneGraph::addToScene() - Object '1428' is already in a SceneGraph!.
t2dSceneGraph::addToScene() - Object '1431' is already in a SceneGraph!.
t2dSceneGraph::addToScene() - Object '1432' is already in a SceneGraph!.
t2dSceneGraph::addToScene() - Object '1435' is already in a SceneGraph!.
t2dSceneGraph::addToScene() - Object '1438' is already in a SceneGraph!.
t2dSceneGraph::addToScene() - Object '1439' is already in a SceneGraph!.
t2dSceneGraph::addToScene() - Object '1442' is already in a SceneGraph!.
DirectInput deactivated.
Shutting down the OpenGL display device...
Making the GL rendering context not current...
Deleting the GL rendering context...
Releasing the device context...
